[2025-01-30 10:00:01] WebApp called AuthService GET /api/validate 45ms
[2025-01-30 10:00:02] WebApp called UserService GET /api/user/123 120ms
[2025-01-30 10:00:03] UserService -> PostgreSQL SELECT users 35ms
[2025-01-30 10:00:04] WebApp called OrderService POST /api/orders 200ms
[2025-01-30 10:00:05] OrderService -> InventoryService.checkStock() 80ms
[2025-01-30 10:00:06] OrderService -> PaymentService.processPayment() 150ms
[2025-01-30 10:00:07] PaymentService -> PostgreSQL INSERT transactions 40ms
[2025-01-30 10:00:08] InventoryService -> PostgreSQL UPDATE inventory 55ms
[2025-01-30 10:00:09] WebApp called NotificationService POST /api/notify 90ms
[2025-01-30 10:00:10] NotificationService -> EmailService.send() 180ms
[2025-01-30 10:00:11] WebApp called AuthService GET /api/validate 42ms
[2025-01-30 10:00:12] WebApp called UserService GET /api/user/456 115ms
[2025-01-30 10:00:13] OrderService -> PaymentService.processPayment() 145ms
[2025-01-30 10:00:14] SearchService -> PostgreSQL SELECT products 65ms
[2025-01-30 10:00:15] WebApp called SearchService GET /api/search 95ms
[2025-01-30 10:00:16] WebApp called OrderService POST /api/orders 195ms
[2025-01-30 10:00:17] OrderService -> InventoryService.checkStock() 75ms
[2025-01-30 10:00:18] WebApp called RecommendationService GET /api/recommend 110ms
[2025-01-30 10:00:19] RecommendationService -> UserService.getPreferences() 88ms
[2025-01-30 10:00:20] RecommendationService -> SearchService.query() 92ms
[2025-01-30 10:00:21] AnalyticsService -> PostgreSQL INSERT events 48ms
[2025-01-30 10:00:22] WebApp called AnalyticsService POST /api/track 55ms
[2025-01-30 10:00:23] PaymentService -> BankAPI.charge() 320ms
[2025-01-30 10:00:24] OrderService -> NotificationService.notify() 95ms
[2025-01-30 10:00:25] CacheService -> Redis SET user:123 12ms
[2025-01-30 10:00:26] WebApp called AuthService GET /api/validate 48ms
[2025-01-30 10:00:27] WebApp called UserService GET /api/user/789 118ms
[2025-01-30 10:00:28] OrderService -> PaymentService.processPayment() 152ms
[2025-01-30 10:00:29] WebApp called SearchService GET /api/search 98ms
[2025-01-30 10:00:30] RecommendationService -> UserService.getPreferences() 85ms
[2025-01-30 10:00:31] WebApp called AuthService GET /api/validate 51ms
[2025-01-30 10:00:32] WebApp called UserService GET /api/user/999 124ms
[2025-01-30 10:00:33] OrderService -> PaymentService.processPayment() 158ms
[2025-01-30 10:00:34] WebApp called SearchService GET /api/search 104ms
[2025-01-30 10:00:35] RecommendationService -> UserService.getPreferences() 91ms
[2025-01-30 10:00:36] WebApp called OrderService POST /api/orders 201ms
[2025-01-30 10:00:37] OrderService -> InventoryService.checkStock() 82ms
[2025-01-30 10:00:38] PaymentService -> BankAPI.charge() 335ms
[2025-01-30 10:00:39] WebApp called NotificationService POST /api/notify 97ms
[2025-01-30 10:00:40] NotificationService -> EmailService.send() 185ms
[2025-01-30 10:00:41] WebApp called AuthService GET /api/validate 49ms
[2025-01-30 10:00:42] WebApp called UserService GET /api/user/111 122ms
[2025-01-30 10:00:43] OrderService -> PaymentService.processPayment() 161ms
[2025-01-30 10:00:44] WebApp called SearchService GET /api/search 107ms
[2025-01-30 10:00:45] RecommendationService -> UserService.getPreferences() 94ms
[2025-01-30 10:00:46] WebApp called AuthService GET /api/validate 47ms
[2025-01-30 10:00:47] WebApp called UserService GET /api/user/222 119ms
[2025-01-30 10:00:48] OrderService -> PaymentService.processPayment() 155ms
